2021-11-23 20:33:07,902:INFO:PyCaret Supervised Module
2021-11-23 20:33:07,902:INFO:ML Usecase: classification
2021-11-23 20:33:07,902:INFO:version 2.3.5
2021-11-23 20:33:07,902:INFO:Initializing setup()
2021-11-23 20:33:07,902:INFO:setup(target=label, ml_usecase=classification, available_plots={'parameter': 'Hyperparameters', 'auc': 'AUC', 'confusion_matrix': 'Confusion Matrix', 'threshold': 'Threshold', 'pr': 'Precision Recall', 'error': 'Prediction Error', 'class_report': 'Class Report', 'rfe': 'Feature Selection', 'learning': 'Learning Curve', 'manifold': 'Manifold Learning', 'calibration': 'Calibration Curve', 'vc': 'Validation Curve', 'dimension': 'Dimensions', 'feature': 'Feature Importance', 'feature_all': 'Feature Importance (All)', 'boundary': 'Decision Boundary', 'lift': 'Lift Chart', 'gain': 'Gain Chart', 'tree': 'Decision Tree', 'ks': 'KS Statistic Plot'}, train_size=0.7, test_data=None, preprocess=True, imputation_type=simple, iterative_imputation_iters=5, categorical_features=None, categorical_imputation=constant, categorical_iterative_imputer=lightgbm, ordinal_features=None, high_cardinality_features=None, high_cardinality_method=frequency, numeric_features=None, numeric_imputation=mean, numeric_iterative_imputer=lightgbm, date_features=None, ignore_features=None, normalize=False, normalize_method=zscore, transformation=False, transformation_method=yeo-johnson, handle_unknown_categorical=True, unknown_categorical_method=least_frequent, pca=False, pca_method=linear, pca_components=None, ignore_low_variance=False, combine_rare_levels=False, rare_level_threshold=0.1, bin_numeric_features=None, remove_outliers=False, outliers_threshold=0.05, remove_multicollinearity=False, multicollinearity_threshold=0.9, remove_perfect_collinearity=True, create_clusters=False, cluster_iter=20, polynomial_features=False, polynomial_degree=2, trigonometry_features=False, polynomial_threshold=0.1, group_features=None, group_names=None, feature_selection=False, feature_selection_threshold=0.8, feature_selection_method=classic, feature_interaction=False, feature_ratio=False, interaction_threshold=0.01, fix_imbalance=False, fix_imbalance_method=None, transform_target=False, transform_target_method=box-cox, data_split_shuffle=True, data_split_stratify=False, fold_strategy=stratifiedkfold, fold=10, fold_shuffle=False, fold_groups=None, n_jobs=-1, use_gpu=False, custom_pipeline=None, html=True, session_id=123, log_experiment=False, experiment_name=None, log_plots=False, log_profile=False, log_data=False, silent=False, verbose=True, profile=False, profile_kwargs=None, display=None)
2021-11-23 20:33:07,902:INFO:Checking environment
2021-11-23 20:33:07,903:INFO:python_version: 3.8.10
2021-11-23 20:33:07,903:INFO:python_build: ('tags/v3.8.10:3d8993a', 'May  3 2021 11:48:03')
2021-11-23 20:33:07,903:INFO:machine: AMD64
2021-11-23 20:33:07,914:INFO:platform: Windows-10-10.0.22000-SP0
2021-11-23 20:33:07,915:WARNING:cannot find psutil installation. memory not traceable. Install psutil using pip to enable memory logging.
2021-11-23 20:33:07,915:INFO:Checking libraries
2021-11-23 20:33:07,915:INFO:pd==1.3.4
2021-11-23 20:33:07,915:INFO:numpy==1.19.5
2021-11-23 20:33:07,915:INFO:sklearn==0.23.2
2021-11-23 20:33:07,915:INFO:lightgbm==3.3.1
2021-11-23 20:33:07,916:WARNING:catboost not found
2021-11-23 20:33:07,916:WARNING:xgboost not found
2021-11-23 20:33:08,459:INFO:mlflow==1.21.0
2021-11-23 20:33:08,459:INFO:Checking Exceptions
2021-11-23 20:33:08,459:INFO:Declaring global variables
2021-11-23 20:33:08,459:INFO:USI: 8bf0
2021-11-23 20:33:08,459:INFO:pycaret_globals: {'y', 'stratify_param', 'target_param', 'html_param', '_gpu_n_jobs_param', 'fold_groups_param_full', 'fold_shuffle_param', 'experiment__', '_ml_usecase', 'master_model_container', '_all_models_internal', '_all_models', 'pycaret_globals', 'fold_param', '_internal_pipeline', 'log_plots_param', 'y_train', 'USI', 'logging_param', 'transform_target_method_param', 'fix_imbalance_param', 'seed', 'fix_imbalance_method_param', 'n_jobs_param', 'imputation_regressor', 'gpu_param', 'create_model_container', '_all_metrics', 'fold_groups_param', 'y_test', 'exp_name_log', 'X', 'iterative_imputation_iters_param', 'fold_generator', '_available_plots', 'imputation_classifier', 'transform_target_param', 'X_test', 'X_train', 'data_before_preprocess', 'prep_pipe', 'display_container'}
2021-11-23 20:33:08,459:INFO:Preparing display monitor
2021-11-23 20:33:08,459:INFO:Preparing display monitor
2021-11-23 20:33:08,472:INFO:Importing libraries
2021-11-23 20:33:08,472:INFO:Copying data for preprocessing
2021-11-23 20:33:08,475:INFO:Declaring preprocessing parameters
2021-11-23 20:33:08,477:INFO:Creating preprocessing pipeline
2021-11-23 20:33:08,502:INFO:Preprocessing pipeline created successfully
2021-11-23 20:33:08,502:ERROR:(Process Exit): setup has been interupted with user command 'quit'. setup must rerun.
2021-11-23 20:33:08,502:INFO:Creating global containers
2021-11-23 20:33:08,505:INFO:Internal pipeline: Pipeline(memory=None, steps=[('empty_step', 'passthrough')], verbose=False)
2021-11-23 20:33:22,176:WARNING:Couldn't import xgboost.XGBClassifier
2021-11-23 20:33:22,176:WARNING:Couldn't import catboost.CatBoostClassifier
2021-11-23 20:33:22,273:WARNING:Couldn't import xgboost.XGBClassifier
2021-11-23 20:33:22,275:WARNING:Couldn't import catboost.CatBoostClassifier
2021-11-23 20:33:22,275:INFO:Creating grid variables
2021-11-23 20:33:22,278:INFO:create_model_container: 0
2021-11-23 20:33:22,278:INFO:master_model_container: 0
2021-11-23 20:33:22,278:INFO:display_container: 1
2021-11-23 20:33:22,283:INFO:Pipeline(memory=None,
         steps=[('dtypes',
                 DataTypes_Auto_infer(categorical_features=[],
                                      display_types=True, features_todrop=[],
                                      id_columns=[],
                                      ml_usecase='classification',
                                      numerical_features=[], target='label',
                                      time_features=[])),
                ('imputer',
                 Simple_Imputer(categorical_strategy='not_available',
                                fill_value_categorical=None,
                                fill_value_numerical=None,
                                numeric_strate...
                ('scaling', 'passthrough'), ('P_transform', 'passthrough'),
                ('binn', 'passthrough'), ('rem_outliers', 'passthrough'),
                ('cluster_all', 'passthrough'),
                ('dummy', Dummify(target='label')),
                ('fix_perfect', Remove_100(target='label')),
                ('clean_names', Clean_Colum_Names()),
                ('feature_select', 'passthrough'), ('fix_multi', 'passthrough'),
                ('dfs', 'passthrough'), ('pca', 'passthrough')],
         verbose=False)
2021-11-23 20:33:22,283:INFO:setup() succesfully completed......................................
2021-11-23 20:33:22,368:INFO:Initializing compare_models()
2021-11-23 20:33:22,368:INFO:compare_models(include=None, fold=None, round=4, cross_validation=True, sort=Accuracy, n_select=1, budget_time=None, turbo=True, errors=ignore, fit_kwargs=None, groups=None, probability_threshold=None, verbose=True, display=None, exclude=None)
2021-11-23 20:33:22,368:INFO:Checking exceptions
2021-11-23 20:33:22,369:INFO:Preparing display monitor
2021-11-23 20:33:22,369:INFO:Preparing display monitor
2021-11-23 20:33:22,385:INFO:Initializing Logistic Regression
2021-11-23 20:33:22,386:INFO:Total runtime is 1.6367435455322267e-05 minutes
2021-11-23 20:33:22,389:INFO:SubProcess create_model() called ==================================
2021-11-23 20:33:22,390:INFO:Initializing create_model()
2021-11-23 20:33:22,390:INFO:create_model(estimator=lr, fold=StratifiedKFold(n_splits=10, random_state=None, shuffle=False), round=4, cross_validation=True, predict=True, fit_kwargs={}, groups=None, refit=False, verbose=False, system=False, metrics=None, add_to_model_list=True, probability_threshold=None, display=<pycaret.internal.Display.Display object at 0x0000018BAB24B460>, kwargs={})
2021-11-23 20:33:22,390:INFO:Checking exceptions
2021-11-23 20:33:22,390:INFO:Importing libraries
2021-11-23 20:33:22,390:INFO:Copying training dataset
2021-11-23 20:33:22,390:INFO:Defining folds
2021-11-23 20:33:22,390:INFO:Declaring metric variables
2021-11-23 20:33:22,394:INFO:Importing untrained model
2021-11-23 20:33:22,398:INFO:Logistic Regression Imported succesfully
2021-11-23 20:33:22,405:INFO:Starting cross validation
2021-11-23 20:33:22,405:INFO:Cross validating with StratifiedKFold(n_splits=10, random_state=None, shuffle=False), n_jobs=-1
2021-11-23 20:33:26,971:INFO:Calculating mean and std
2021-11-23 20:33:26,971:INFO:Creating metrics dataframe
2021-11-23 20:33:26,975:INFO:Uploading results into container
2021-11-23 20:33:26,976:INFO:Uploading model into container now
2021-11-23 20:33:26,976:INFO:create_model_container: 1
2021-11-23 20:33:26,976:INFO:master_model_container: 1
2021-11-23 20:33:26,976:INFO:display_container: 2
2021-11-23 20:33:26,976:INFO:LogisticRegression(C=1.0, class_weight=None, dual=False, fit_intercept=True,
                   intercept_scaling=1, l1_ratio=None, max_iter=1000,
                   multi_class='auto', n_jobs=None, penalty='l2',
                   random_state=123, solver='lbfgs', tol=0.0001, verbose=0,
                   warm_start=False)
2021-11-23 20:33:26,976:INFO:create_model() succesfully completed......................................
2021-11-23 20:33:27,071:INFO:SubProcess create_model() end ==================================
2021-11-23 20:33:27,071:INFO:Creating metrics dataframe
2021-11-23 20:33:27,076:INFO:Initializing K Neighbors Classifier
2021-11-23 20:33:27,076:INFO:Total runtime is 0.078189222017924 minutes
2021-11-23 20:33:27,080:INFO:SubProcess create_model() called ==================================
2021-11-23 20:33:27,081:INFO:Initializing create_model()
2021-11-23 20:33:27,081:INFO:create_model(estimator=knn, fold=StratifiedKFold(n_splits=10, random_state=None, shuffle=False), round=4, cross_validation=True, predict=True, fit_kwargs={}, groups=None, refit=False, verbose=False, system=False, metrics=None, add_to_model_list=True, probability_threshold=None, display=<pycaret.internal.Display.Display object at 0x0000018BAB24B460>, kwargs={})
2021-11-23 20:33:27,081:INFO:Checking exceptions
2021-11-23 20:33:27,081:INFO:Importing libraries
2021-11-23 20:33:27,081:INFO:Copying training dataset
2021-11-23 20:33:27,081:INFO:Defining folds
2021-11-23 20:33:27,081:INFO:Declaring metric variables
2021-11-23 20:33:27,088:INFO:Importing untrained model
2021-11-23 20:33:27,093:INFO:K Neighbors Classifier Imported succesfully
2021-11-23 20:33:27,104:INFO:Starting cross validation
2021-11-23 20:33:27,105:INFO:Cross validating with StratifiedKFold(n_splits=10, random_state=None, shuffle=False), n_jobs=-1
2021-11-23 20:33:30,213:INFO:Calculating mean and std
2021-11-23 20:33:30,213:INFO:Creating metrics dataframe
2021-11-23 20:33:30,215:INFO:Uploading results into container
2021-11-23 20:33:30,215:INFO:Uploading model into container now
2021-11-23 20:33:30,215:INFO:create_model_container: 2
2021-11-23 20:33:30,215:INFO:master_model_container: 2
2021-11-23 20:33:30,215:INFO:display_container: 2
2021-11-23 20:33:30,215:INFO:KNeighborsClassifier(algorithm='auto', leaf_size=30, metric='minkowski',
                     metric_params=None, n_jobs=-1, n_neighbors=5, p=2,
                     weights='uniform')
2021-11-23 20:33:30,215:INFO:create_model() succesfully completed......................................
2021-11-23 20:33:30,320:INFO:SubProcess create_model() end ==================================
2021-11-23 20:33:30,320:INFO:Creating metrics dataframe
2021-11-23 20:33:30,325:INFO:Initializing Naive Bayes
2021-11-23 20:33:30,325:INFO:Total runtime is 0.13233309189478557 minutes
2021-11-23 20:33:30,330:INFO:SubProcess create_model() called ==================================
2021-11-23 20:33:30,330:INFO:Initializing create_model()
2021-11-23 20:33:30,330:INFO:create_model(estimator=nb, fold=StratifiedKFold(n_splits=10, random_state=None, shuffle=False), round=4, cross_validation=True, predict=True, fit_kwargs={}, groups=None, refit=False, verbose=False, system=False, metrics=None, add_to_model_list=True, probability_threshold=None, display=<pycaret.internal.Display.Display object at 0x0000018BAB24B460>, kwargs={})
2021-11-23 20:33:30,330:INFO:Checking exceptions
2021-11-23 20:33:30,331:INFO:Importing libraries
2021-11-23 20:33:30,331:INFO:Copying training dataset
2021-11-23 20:33:30,331:INFO:Defining folds
2021-11-23 20:33:30,331:INFO:Declaring metric variables
2021-11-23 20:33:30,337:INFO:Importing untrained model
2021-11-23 20:33:30,343:INFO:Naive Bayes Imported succesfully
2021-11-23 20:33:30,352:INFO:Starting cross validation
2021-11-23 20:33:30,353:INFO:Cross validating with StratifiedKFold(n_splits=10, random_state=None, shuffle=False), n_jobs=-1
2021-11-23 20:33:30,396:INFO:Calculating mean and std
2021-11-23 20:33:30,398:INFO:Creating metrics dataframe
2021-11-23 20:33:30,409:INFO:Uploading results into container
2021-11-23 20:33:30,410:INFO:Uploading model into container now
2021-11-23 20:33:30,410:INFO:create_model_container: 3
2021-11-23 20:33:30,410:INFO:master_model_container: 3
2021-11-23 20:33:30,410:INFO:display_container: 2
2021-11-23 20:33:30,411:INFO:GaussianNB(priors=None, var_smoothing=1e-09)
2021-11-23 20:33:30,411:INFO:create_model() succesfully completed......................................
2021-11-23 20:33:30,577:INFO:SubProcess create_model() end ==================================
2021-11-23 20:33:30,577:INFO:Creating metrics dataframe
2021-11-23 20:33:30,584:INFO:Initializing Decision Tree Classifier
2021-11-23 20:33:30,584:INFO:Total runtime is 0.1366568883260091 minutes
2021-11-23 20:33:30,588:INFO:SubProcess create_model() called ==================================
2021-11-23 20:33:30,588:INFO:Initializing create_model()
2021-11-23 20:33:30,588:INFO:create_model(estimator=dt, fold=StratifiedKFold(n_splits=10, random_state=None, shuffle=False), round=4, cross_validation=True, predict=True, fit_kwargs={}, groups=None, refit=False, verbose=False, system=False, metrics=None, add_to_model_list=True, probability_threshold=None, display=<pycaret.internal.Display.Display object at 0x0000018BAB24B460>, kwargs={})
2021-11-23 20:33:30,588:INFO:Checking exceptions
2021-11-23 20:33:30,588:INFO:Importing libraries
2021-11-23 20:33:30,588:INFO:Copying training dataset
2021-11-23 20:33:30,589:INFO:Defining folds
2021-11-23 20:33:30,589:INFO:Declaring metric variables
2021-11-23 20:33:30,592:INFO:Importing untrained model
2021-11-23 20:33:30,596:INFO:Decision Tree Classifier Imported succesfully
2021-11-23 20:33:30,603:INFO:Starting cross validation
2021-11-23 20:33:30,604:INFO:Cross validating with StratifiedKFold(n_splits=10, random_state=None, shuffle=False), n_jobs=-1
2021-11-23 20:33:30,649:INFO:Calculating mean and std
2021-11-23 20:33:30,650:INFO:Creating metrics dataframe
2021-11-23 20:33:30,653:INFO:Uploading results into container
2021-11-23 20:33:30,653:INFO:Uploading model into container now
2021-11-23 20:33:30,653:INFO:create_model_container: 4
2021-11-23 20:33:30,653:INFO:master_model_container: 4
2021-11-23 20:33:30,653:INFO:display_container: 2
2021-11-23 20:33:30,654:INFO:DecisionTreeClassifier(ccp_alpha=0.0, class_weight=None, criterion='gini',
                       max_depth=None, max_features=None, max_leaf_nodes=None,
                       min_impurity_decrease=0.0, min_impurity_split=None,
                       min_samples_leaf=1, min_samples_split=2,
                       min_weight_fraction_leaf=0.0, presort='deprecated',
                       random_state=123, splitter='best')
2021-11-23 20:33:30,654:INFO:create_model() succesfully completed......................................
2021-11-23 20:33:30,752:INFO:SubProcess create_model() end ==================================
2021-11-23 20:33:30,752:INFO:Creating metrics dataframe
2021-11-23 20:33:30,759:INFO:Initializing SVM - Linear Kernel
2021-11-23 20:33:30,759:INFO:Total runtime is 0.1395735263824463 minutes
2021-11-23 20:33:30,763:INFO:SubProcess create_model() called ==================================
2021-11-23 20:33:30,763:INFO:Initializing create_model()
2021-11-23 20:33:30,763:INFO:create_model(estimator=svm, fold=StratifiedKFold(n_splits=10, random_state=None, shuffle=False), round=4, cross_validation=True, predict=True, fit_kwargs={}, groups=None, refit=False, verbose=False, system=False, metrics=None, add_to_model_list=True, probability_threshold=None, display=<pycaret.internal.Display.Display object at 0x0000018BAB24B460>, kwargs={})
2021-11-23 20:33:30,763:INFO:Checking exceptions
2021-11-23 20:33:30,763:INFO:Importing libraries
2021-11-23 20:33:30,763:INFO:Copying training dataset
2021-11-23 20:33:30,764:INFO:Defining folds
2021-11-23 20:33:30,764:INFO:Declaring metric variables
2021-11-23 20:33:30,768:INFO:Importing untrained model
2021-11-23 20:33:30,772:INFO:SVM - Linear Kernel Imported succesfully
2021-11-23 20:33:30,780:INFO:Starting cross validation
2021-11-23 20:33:30,781:INFO:Cross validating with StratifiedKFold(n_splits=10, random_state=None, shuffle=False), n_jobs=-1
2021-11-23 20:33:30,818:INFO:Calculating mean and std
2021-11-23 20:33:30,818:INFO:Creating metrics dataframe
2021-11-23 20:33:30,823:INFO:Uploading results into container
2021-11-23 20:33:30,823:INFO:Uploading model into container now
2021-11-23 20:33:30,824:INFO:create_model_container: 5
2021-11-23 20:33:30,824:INFO:master_model_container: 5
2021-11-23 20:33:30,824:INFO:display_container: 2
2021-11-23 20:33:30,824:INFO:SGDClassifier(alpha=0.0001, average=False, class_weight=None,
              early_stopping=False, epsilon=0.1, eta0=0.001, fit_intercept=True,
              l1_ratio=0.15, learning_rate='optimal', loss='hinge',
              max_iter=1000, n_iter_no_change=5, n_jobs=-1, penalty='l2',
              power_t=0.5, random_state=123, shuffle=True, tol=0.001,
              validation_fraction=0.1, verbose=0, warm_start=False)
2021-11-23 20:33:30,824:INFO:create_model() succesfully completed......................................
2021-11-23 20:33:30,907:INFO:SubProcess create_model() end ==================================
2021-11-23 20:33:30,907:INFO:Creating metrics dataframe
2021-11-23 20:33:30,913:INFO:Initializing Ridge Classifier
2021-11-23 20:33:30,913:INFO:Total runtime is 0.14214019378026327 minutes
2021-11-23 20:33:30,918:INFO:SubProcess create_model() called ==================================
2021-11-23 20:33:30,918:INFO:Initializing create_model()
2021-11-23 20:33:30,918:INFO:create_model(estimator=ridge, fold=StratifiedKFold(n_splits=10, random_state=None, shuffle=False), round=4, cross_validation=True, predict=True, fit_kwargs={}, groups=None, refit=False, verbose=False, system=False, metrics=None, add_to_model_list=True, probability_threshold=None, display=<pycaret.internal.Display.Display object at 0x0000018BAB24B460>, kwargs={})
2021-11-23 20:33:30,918:INFO:Checking exceptions
2021-11-23 20:33:30,918:INFO:Importing libraries
2021-11-23 20:33:30,918:INFO:Copying training dataset
2021-11-23 20:33:30,919:INFO:Defining folds
2021-11-23 20:33:30,919:INFO:Declaring metric variables
2021-11-23 20:33:30,922:INFO:Importing untrained model
2021-11-23 20:33:30,926:INFO:Ridge Classifier Imported succesfully
2021-11-23 20:33:30,935:INFO:Starting cross validation
2021-11-23 20:33:30,936:INFO:Cross validating with StratifiedKFold(n_splits=10, random_state=None, shuffle=False), n_jobs=-1
2021-11-23 20:33:30,968:INFO:Calculating mean and std
2021-11-23 20:33:30,969:INFO:Creating metrics dataframe
2021-11-23 20:33:30,972:INFO:Uploading results into container
2021-11-23 20:33:30,973:INFO:Uploading model into container now
2021-11-23 20:33:30,973:INFO:create_model_container: 6
2021-11-23 20:33:30,973:INFO:master_model_container: 6
2021-11-23 20:33:30,973:INFO:display_container: 2
2021-11-23 20:33:30,973:INFO:RidgeClassifier(alpha=1.0, class_weight=None, copy_X=True, fit_intercept=True,
                max_iter=None, normalize=False, random_state=123, solver='auto',
                tol=0.001)
2021-11-23 20:33:30,973:INFO:create_model() succesfully completed......................................
2021-11-23 20:33:31,065:INFO:SubProcess create_model() end ==================================
2021-11-23 20:33:31,065:INFO:Creating metrics dataframe
2021-11-23 20:33:31,072:INFO:Initializing Random Forest Classifier
2021-11-23 20:33:31,072:INFO:Total runtime is 0.14479020436604817 minutes
2021-11-23 20:33:31,075:INFO:SubProcess create_model() called ==================================
2021-11-23 20:33:31,076:INFO:Initializing create_model()
2021-11-23 20:33:31,076:INFO:create_model(estimator=rf, fold=StratifiedKFold(n_splits=10, random_state=None, shuffle=False), round=4, cross_validation=True, predict=True, fit_kwargs={}, groups=None, refit=False, verbose=False, system=False, metrics=None, add_to_model_list=True, probability_threshold=None, display=<pycaret.internal.Display.Display object at 0x0000018BAB24B460>, kwargs={})
2021-11-23 20:33:31,076:INFO:Checking exceptions
2021-11-23 20:33:31,076:INFO:Importing libraries
2021-11-23 20:33:31,076:INFO:Copying training dataset
2021-11-23 20:33:31,077:INFO:Defining folds
2021-11-23 20:33:31,077:INFO:Declaring metric variables
2021-11-23 20:33:31,080:INFO:Importing untrained model
2021-11-23 20:33:31,085:INFO:Random Forest Classifier Imported succesfully
2021-11-23 20:33:31,099:INFO:Starting cross validation
2021-11-23 20:33:31,100:INFO:Cross validating with StratifiedKFold(n_splits=10, random_state=None, shuffle=False), n_jobs=-1
2021-11-23 20:33:31,626:INFO:Calculating mean and std
2021-11-23 20:33:31,626:INFO:Creating metrics dataframe
2021-11-23 20:33:31,635:INFO:Uploading results into container
2021-11-23 20:33:31,635:INFO:Uploading model into container now
2021-11-23 20:33:31,635:INFO:create_model_container: 7
2021-11-23 20:33:31,635:INFO:master_model_container: 7
2021-11-23 20:33:31,635:INFO:display_container: 2
2021-11-23 20:33:31,635:INFO:RandomForestClassifier(bootstrap=True, ccp_alpha=0.0, class_weight=None,
                       criterion='gini', max_depth=None, max_features='auto',
                       max_leaf_nodes=None, max_samples=None,
                       min_impurity_decrease=0.0, min_impurity_split=None,
                       min_samples_leaf=1, min_samples_split=2,
                       min_weight_fraction_leaf=0.0, n_estimators=100,
                       n_jobs=-1, oob_score=False, random_state=123, verbose=0,
                       warm_start=False)
2021-11-23 20:33:31,635:INFO:create_model() succesfully completed......................................
2021-11-23 20:33:31,745:INFO:SubProcess create_model() end ==================================
2021-11-23 20:33:31,745:INFO:Creating metrics dataframe
2021-11-23 20:33:31,752:INFO:Initializing Quadratic Discriminant Analysis
2021-11-23 20:33:31,752:INFO:Total runtime is 0.15612801710764565 minutes
2021-11-23 20:33:31,756:INFO:SubProcess create_model() called ==================================
2021-11-23 20:33:31,757:INFO:Initializing create_model()
2021-11-23 20:33:31,757:INFO:create_model(estimator=qda, fold=StratifiedKFold(n_splits=10, random_state=None, shuffle=False), round=4, cross_validation=True, predict=True, fit_kwargs={}, groups=None, refit=False, verbose=False, system=False, metrics=None, add_to_model_list=True, probability_threshold=None, display=<pycaret.internal.Display.Display object at 0x0000018BAB24B460>, kwargs={})
2021-11-23 20:33:31,757:INFO:Checking exceptions
2021-11-23 20:33:31,757:INFO:Importing libraries
2021-11-23 20:33:31,757:INFO:Copying training dataset
2021-11-23 20:33:31,757:INFO:Defining folds
2021-11-23 20:33:31,757:INFO:Declaring metric variables
2021-11-23 20:33:31,762:INFO:Importing untrained model
2021-11-23 20:33:31,770:INFO:Quadratic Discriminant Analysis Imported succesfully
2021-11-23 20:33:31,785:INFO:Starting cross validation
2021-11-23 20:33:31,786:INFO:Cross validating with StratifiedKFold(n_splits=10, random_state=None, shuffle=False), n_jobs=-1
2021-11-23 20:33:31,848:INFO:Calculating mean and std
2021-11-23 20:33:31,849:INFO:Creating metrics dataframe
2021-11-23 20:33:31,857:INFO:Uploading results into container
2021-11-23 20:33:31,857:INFO:Uploading model into container now
2021-11-23 20:33:31,857:INFO:create_model_container: 8
2021-11-23 20:33:31,857:INFO:master_model_container: 8
2021-11-23 20:33:31,857:INFO:display_container: 2
2021-11-23 20:33:31,858:INFO:QuadraticDiscriminantAnalysis(priors=None, reg_param=0.0,
                              store_covariance=False, tol=0.0001)
2021-11-23 20:33:31,858:INFO:create_model() succesfully completed......................................
2021-11-23 20:33:31,990:INFO:SubProcess create_model() end ==================================
2021-11-23 20:33:31,990:INFO:Creating metrics dataframe
2021-11-23 20:33:31,997:INFO:Initializing Ada Boost Classifier
2021-11-23 20:33:31,997:INFO:Total runtime is 0.16021138032277424 minutes
2021-11-23 20:33:32,003:INFO:SubProcess create_model() called ==================================
2021-11-23 20:33:32,004:INFO:Initializing create_model()
2021-11-23 20:33:32,004:INFO:create_model(estimator=ada, fold=StratifiedKFold(n_splits=10, random_state=None, shuffle=False), round=4, cross_validation=True, predict=True, fit_kwargs={}, groups=None, refit=False, verbose=False, system=False, metrics=None, add_to_model_list=True, probability_threshold=None, display=<pycaret.internal.Display.Display object at 0x0000018BAB24B460>, kwargs={})
2021-11-23 20:33:32,004:INFO:Checking exceptions
2021-11-23 20:33:32,004:INFO:Importing libraries
2021-11-23 20:33:32,004:INFO:Copying training dataset
2021-11-23 20:33:32,004:INFO:Defining folds
2021-11-23 20:33:32,005:INFO:Declaring metric variables
2021-11-23 20:33:32,011:INFO:Importing untrained model
2021-11-23 20:33:32,017:INFO:Ada Boost Classifier Imported succesfully
2021-11-23 20:33:32,028:INFO:Starting cross validation
2021-11-23 20:33:32,028:INFO:Cross validating with StratifiedKFold(n_splits=10, random_state=None, shuffle=False), n_jobs=-1
2021-11-23 20:33:32,068:INFO:Calculating mean and std
2021-11-23 20:33:32,069:INFO:Creating metrics dataframe
2021-11-23 20:33:32,073:INFO:Uploading results into container
2021-11-23 20:33:32,073:INFO:Uploading model into container now
2021-11-23 20:33:32,074:INFO:create_model_container: 9
2021-11-23 20:33:32,074:INFO:master_model_container: 9
2021-11-23 20:33:32,074:INFO:display_container: 2
2021-11-23 20:33:32,074:INFO:AdaBoostClassifier(algorithm='SAMME.R', base_estimator=None, learning_rate=1.0,
                   n_estimators=50, random_state=123)
2021-11-23 20:33:32,074:INFO:create_model() succesfully completed......................................
2021-11-23 20:33:32,162:INFO:SubProcess create_model() end ==================================
2021-11-23 20:33:32,162:INFO:Creating metrics dataframe
2021-11-23 20:33:32,168:INFO:Initializing Gradient Boosting Classifier
2021-11-23 20:33:32,168:INFO:Total runtime is 0.16306141614913938 minutes
2021-11-23 20:33:32,172:INFO:SubProcess create_model() called ==================================
2021-11-23 20:33:32,173:INFO:Initializing create_model()
2021-11-23 20:33:32,173:INFO:create_model(estimator=gbc, fold=StratifiedKFold(n_splits=10, random_state=None, shuffle=False), round=4, cross_validation=True, predict=True, fit_kwargs={}, groups=None, refit=False, verbose=False, system=False, metrics=None, add_to_model_list=True, probability_threshold=None, display=<pycaret.internal.Display.Display object at 0x0000018BAB24B460>, kwargs={})
2021-11-23 20:33:32,173:INFO:Checking exceptions
2021-11-23 20:33:32,173:INFO:Importing libraries
2021-11-23 20:33:32,173:INFO:Copying training dataset
2021-11-23 20:33:32,173:INFO:Defining folds
2021-11-23 20:33:32,173:INFO:Declaring metric variables
2021-11-23 20:33:32,177:INFO:Importing untrained model
2021-11-23 20:33:32,180:INFO:Gradient Boosting Classifier Imported succesfully
2021-11-23 20:33:32,190:INFO:Starting cross validation
2021-11-23 20:33:32,191:INFO:Cross validating with StratifiedKFold(n_splits=10, random_state=None, shuffle=False), n_jobs=-1
2021-11-23 20:33:32,832:INFO:Calculating mean and std
2021-11-23 20:33:32,833:INFO:Creating metrics dataframe
2021-11-23 20:33:32,837:INFO:Uploading results into container
2021-11-23 20:33:32,837:INFO:Uploading model into container now
2021-11-23 20:33:32,837:INFO:create_model_container: 10
2021-11-23 20:33:32,837:INFO:master_model_container: 10
2021-11-23 20:33:32,837:INFO:display_container: 2
2021-11-23 20:33:32,837:INFO:GradientBoostingClassifier(ccp_alpha=0.0, criterion='friedman_mse', init=None,
                           learning_rate=0.1, loss='deviance', max_depth=3,
                           max_features=None, max_leaf_nodes=None,
                           min_impurity_decrease=0.0, min_impurity_split=None,
                           min_samples_leaf=1, min_samples_split=2,
                           min_weight_fraction_leaf=0.0, n_estimators=100,
                           n_iter_no_change=None, presort='deprecated',
                           random_state=123, subsample=1.0, tol=0.0001,
                           validation_fraction=0.1, verbose=0,
                           warm_start=False)
2021-11-23 20:33:32,837:INFO:create_model() succesfully completed......................................
2021-11-23 20:33:32,920:INFO:SubProcess create_model() end ==================================
2021-11-23 20:33:32,920:INFO:Creating metrics dataframe
2021-11-23 20:33:32,925:INFO:Initializing Linear Discriminant Analysis
2021-11-23 20:33:32,925:INFO:Total runtime is 0.1756688912709554 minutes
2021-11-23 20:33:32,930:INFO:SubProcess create_model() called ==================================
2021-11-23 20:33:32,931:INFO:Initializing create_model()
2021-11-23 20:33:32,931:INFO:create_model(estimator=lda, fold=StratifiedKFold(n_splits=10, random_state=None, shuffle=False), round=4, cross_validation=True, predict=True, fit_kwargs={}, groups=None, refit=False, verbose=False, system=False, metrics=None, add_to_model_list=True, probability_threshold=None, display=<pycaret.internal.Display.Display object at 0x0000018BAB24B460>, kwargs={})
2021-11-23 20:33:32,931:INFO:Checking exceptions
2021-11-23 20:33:32,931:INFO:Importing libraries
2021-11-23 20:33:32,931:INFO:Copying training dataset
2021-11-23 20:33:32,931:INFO:Defining folds
2021-11-23 20:33:32,931:INFO:Declaring metric variables
2021-11-23 20:33:32,936:INFO:Importing untrained model
2021-11-23 20:33:32,942:INFO:Linear Discriminant Analysis Imported succesfully
2021-11-23 20:33:32,952:INFO:Starting cross validation
2021-11-23 20:33:32,952:INFO:Cross validating with StratifiedKFold(n_splits=10, random_state=None, shuffle=False), n_jobs=-1
2021-11-23 20:33:33,018:INFO:Calculating mean and std
2021-11-23 20:33:33,021:INFO:Creating metrics dataframe
2021-11-23 20:33:33,030:INFO:Uploading results into container
2021-11-23 20:33:33,031:INFO:Uploading model into container now
2021-11-23 20:33:33,031:INFO:create_model_container: 11
2021-11-23 20:33:33,031:INFO:master_model_container: 11
2021-11-23 20:33:33,031:INFO:display_container: 2
2021-11-23 20:33:33,031:INFO:LinearDiscriminantAnalysis(n_components=None, priors=None, shrinkage=None,
                           solver='svd', store_covariance=False, tol=0.0001)
2021-11-23 20:33:33,031:INFO:create_model() succesfully completed......................................
2021-11-23 20:33:33,176:INFO:SubProcess create_model() end ==================================
2021-11-23 20:33:33,176:INFO:Creating metrics dataframe
2021-11-23 20:33:33,183:INFO:Initializing Extra Trees Classifier
2021-11-23 20:33:33,183:INFO:Total runtime is 0.17996672391891477 minutes
2021-11-23 20:33:33,187:INFO:SubProcess create_model() called ==================================
2021-11-23 20:33:33,187:INFO:Initializing create_model()
2021-11-23 20:33:33,187:INFO:create_model(estimator=et, fold=StratifiedKFold(n_splits=10, random_state=None, shuffle=False), round=4, cross_validation=True, predict=True, fit_kwargs={}, groups=None, refit=False, verbose=False, system=False, metrics=None, add_to_model_list=True, probability_threshold=None, display=<pycaret.internal.Display.Display object at 0x0000018BAB24B460>, kwargs={})
2021-11-23 20:33:33,187:INFO:Checking exceptions
2021-11-23 20:33:33,187:INFO:Importing libraries
2021-11-23 20:33:33,187:INFO:Copying training dataset
2021-11-23 20:33:33,188:INFO:Defining folds
2021-11-23 20:33:33,188:INFO:Declaring metric variables
2021-11-23 20:33:33,191:INFO:Importing untrained model
2021-11-23 20:33:33,195:INFO:Extra Trees Classifier Imported succesfully
2021-11-23 20:33:33,201:INFO:Starting cross validation
2021-11-23 20:33:33,202:INFO:Cross validating with StratifiedKFold(n_splits=10, random_state=None, shuffle=False), n_jobs=-1
2021-11-23 20:33:33,578:INFO:Calculating mean and std
2021-11-23 20:33:33,578:INFO:Creating metrics dataframe
2021-11-23 20:33:33,582:INFO:Uploading results into container
2021-11-23 20:33:33,583:INFO:Uploading model into container now
2021-11-23 20:33:33,583:INFO:create_model_container: 12
2021-11-23 20:33:33,583:INFO:master_model_container: 12
2021-11-23 20:33:33,583:INFO:display_container: 2
2021-11-23 20:33:33,584:INFO:ExtraTreesClassifier(bootstrap=False, ccp_alpha=0.0, class_weight=None,
                     criterion='gini', max_depth=None, max_features='auto',
                     max_leaf_nodes=None, max_samples=None,
                     min_impurity_decrease=0.0, min_impurity_split=None,
                     min_samples_leaf=1, min_samples_split=2,
                     min_weight_fraction_leaf=0.0, n_estimators=100, n_jobs=-1,
                     oob_score=False, random_state=123, verbose=0,
                     warm_start=False)
2021-11-23 20:33:33,584:INFO:create_model() succesfully completed......................................
2021-11-23 20:33:33,686:INFO:SubProcess create_model() end ==================================
2021-11-23 20:33:33,687:INFO:Creating metrics dataframe
2021-11-23 20:33:33,693:INFO:Initializing Light Gradient Boosting Machine
2021-11-23 20:33:33,694:INFO:Total runtime is 0.18848708073298134 minutes
2021-11-23 20:33:33,698:INFO:SubProcess create_model() called ==================================
2021-11-23 20:33:33,699:INFO:Initializing create_model()
2021-11-23 20:33:33,699:INFO:create_model(estimator=lightgbm, fold=StratifiedKFold(n_splits=10, random_state=None, shuffle=False), round=4, cross_validation=True, predict=True, fit_kwargs={}, groups=None, refit=False, verbose=False, system=False, metrics=None, add_to_model_list=True, probability_threshold=None, display=<pycaret.internal.Display.Display object at 0x0000018BAB24B460>, kwargs={})
2021-11-23 20:33:33,699:INFO:Checking exceptions
2021-11-23 20:33:33,699:INFO:Importing libraries
2021-11-23 20:33:33,699:INFO:Copying training dataset
2021-11-23 20:33:33,699:INFO:Defining folds
2021-11-23 20:33:33,699:INFO:Declaring metric variables
2021-11-23 20:33:33,704:INFO:Importing untrained model
2021-11-23 20:33:33,711:INFO:Light Gradient Boosting Machine Imported succesfully
2021-11-23 20:33:33,726:INFO:Starting cross validation
2021-11-23 20:33:33,727:INFO:Cross validating with StratifiedKFold(n_splits=10, random_state=None, shuffle=False), n_jobs=-1
2021-11-23 20:33:34,295:INFO:Calculating mean and std
2021-11-23 20:33:34,295:INFO:Creating metrics dataframe
2021-11-23 20:33:34,295:INFO:Uploading results into container
2021-11-23 20:33:34,295:INFO:Uploading model into container now
2021-11-23 20:33:34,295:INFO:create_model_container: 13
2021-11-23 20:33:34,295:INFO:master_model_container: 13
2021-11-23 20:33:34,295:INFO:display_container: 2
2021-11-23 20:33:34,295:INFO:LGBMClassifier(boosting_type='gbdt', class_weight=None, colsample_bytree=1.0,
               importance_type='split', learning_rate=0.1, max_depth=-1,
               min_child_samples=20, min_child_weight=0.001, min_split_gain=0.0,
               n_estimators=100, n_jobs=-1, num_leaves=31, objective=None,
               random_state=123, reg_alpha=0.0, reg_lambda=0.0, silent='warn',
               subsample=1.0, subsample_for_bin=200000, subsample_freq=0)
2021-11-23 20:33:34,295:INFO:create_model() succesfully completed......................................
2021-11-23 20:33:34,390:INFO:SubProcess create_model() end ==================================
2021-11-23 20:33:34,390:INFO:Creating metrics dataframe
2021-11-23 20:33:34,403:INFO:Initializing Dummy Classifier
2021-11-23 20:33:34,403:INFO:Total runtime is 0.20030710299809773 minutes
2021-11-23 20:33:34,409:INFO:SubProcess create_model() called ==================================
2021-11-23 20:33:34,409:INFO:Initializing create_model()
2021-11-23 20:33:34,409:INFO:create_model(estimator=dummy, fold=StratifiedKFold(n_splits=10, random_state=None, shuffle=False), round=4, cross_validation=True, predict=True, fit_kwargs={}, groups=None, refit=False, verbose=False, system=False, metrics=None, add_to_model_list=True, probability_threshold=None, display=<pycaret.internal.Display.Display object at 0x0000018BAB24B460>, kwargs={})
2021-11-23 20:33:34,409:INFO:Checking exceptions
2021-11-23 20:33:34,409:INFO:Importing libraries
2021-11-23 20:33:34,409:INFO:Copying training dataset
2021-11-23 20:33:34,410:INFO:Defining folds
2021-11-23 20:33:34,410:INFO:Declaring metric variables
2021-11-23 20:33:34,415:INFO:Importing untrained model
2021-11-23 20:33:34,424:INFO:Dummy Classifier Imported succesfully
2021-11-23 20:33:34,438:INFO:Starting cross validation
2021-11-23 20:33:34,439:INFO:Cross validating with StratifiedKFold(n_splits=10, random_state=None, shuffle=False), n_jobs=-1
2021-11-23 20:33:34,478:INFO:Calculating mean and std
2021-11-23 20:33:34,485:INFO:Creating metrics dataframe
2021-11-23 20:33:34,495:INFO:Uploading results into container
2021-11-23 20:33:34,495:INFO:Uploading model into container now
2021-11-23 20:33:34,495:INFO:create_model_container: 14
2021-11-23 20:33:34,495:INFO:master_model_container: 14
2021-11-23 20:33:34,495:INFO:display_container: 2
2021-11-23 20:33:34,496:INFO:DummyClassifier(constant=None, random_state=123, strategy='prior')
2021-11-23 20:33:34,496:INFO:create_model() succesfully completed......................................
2021-11-23 20:33:34,606:INFO:SubProcess create_model() end ==================================
2021-11-23 20:33:34,606:INFO:Creating metrics dataframe
2021-11-23 20:33:34,623:INFO:Initializing create_model()
2021-11-23 20:33:34,623:INFO:create_model(estimator=LogisticRegression(C=1.0, class_weight=None, dual=False, fit_intercept=True,
                   intercept_scaling=1, l1_ratio=None, max_iter=1000,
                   multi_class='auto', n_jobs=None, penalty='l2',
                   random_state=123, solver='lbfgs', tol=0.0001, verbose=0,
                   warm_start=False), fold=StratifiedKFold(n_splits=10, random_state=None, shuffle=False), round=4, cross_validation=False, predict=False, fit_kwargs={}, groups=None, refit=True, verbose=False, system=False, metrics=None, add_to_model_list=True, probability_threshold=None, display=None, kwargs={})
2021-11-23 20:33:34,623:INFO:Checking exceptions
2021-11-23 20:33:34,624:INFO:Importing libraries
2021-11-23 20:33:34,624:INFO:Copying training dataset
2021-11-23 20:33:34,624:INFO:Defining folds
2021-11-23 20:33:34,624:INFO:Declaring metric variables
2021-11-23 20:33:34,624:INFO:Importing untrained model
2021-11-23 20:33:34,624:INFO:Declaring custom model
2021-11-23 20:33:34,625:INFO:Logistic Regression Imported succesfully
2021-11-23 20:33:34,625:INFO:Cross validation set to False
2021-11-23 20:33:34,625:INFO:Fitting Model
2021-11-23 20:33:34,663:INFO:LogisticRegression(C=1.0, class_weight=None, dual=False, fit_intercept=True,
                   intercept_scaling=1, l1_ratio=None, max_iter=1000,
                   multi_class='auto', n_jobs=None, penalty='l2',
                   random_state=123, solver='lbfgs', tol=0.0001, verbose=0,
                   warm_start=False)
2021-11-23 20:33:34,663:INFO:create_models() succesfully completed......................................
2021-11-23 20:33:34,767:INFO:create_model_container: 14
2021-11-23 20:33:34,767:INFO:master_model_container: 14
2021-11-23 20:33:34,768:INFO:display_container: 2
2021-11-23 20:33:34,768:INFO:LogisticRegression(C=1.0, class_weight=None, dual=False, fit_intercept=True,
                   intercept_scaling=1, l1_ratio=None, max_iter=1000,
                   multi_class='auto', n_jobs=None, penalty='l2',
                   random_state=123, solver='lbfgs', tol=0.0001, verbose=0,
                   warm_start=False)
2021-11-23 20:33:34,768:INFO:compare_models() succesfully completed......................................
2021-11-23 20:35:27,659:INFO:PyCaret Supervised Module
2021-11-23 20:35:27,659:INFO:ML Usecase: classification
2021-11-23 20:35:27,659:INFO:version 2.3.5
2021-11-23 20:35:27,659:INFO:Initializing setup()
2021-11-23 20:35:27,659:INFO:setup(target=label, ml_usecase=classification, available_plots={'parameter': 'Hyperparameters', 'auc': 'AUC', 'confusion_matrix': 'Confusion Matrix', 'threshold': 'Threshold', 'pr': 'Precision Recall', 'error': 'Prediction Error', 'class_report': 'Class Report', 'rfe': 'Feature Selection', 'learning': 'Learning Curve', 'manifold': 'Manifold Learning', 'calibration': 'Calibration Curve', 'vc': 'Validation Curve', 'dimension': 'Dimensions', 'feature': 'Feature Importance', 'feature_all': 'Feature Importance (All)', 'boundary': 'Decision Boundary', 'lift': 'Lift Chart', 'gain': 'Gain Chart', 'tree': 'Decision Tree', 'ks': 'KS Statistic Plot'}, train_size=0.7, test_data=None, preprocess=True, imputation_type=simple, iterative_imputation_iters=5, categorical_features=None, categorical_imputation=constant, categorical_iterative_imputer=lightgbm, ordinal_features=None, high_cardinality_features=None, high_cardinality_method=frequency, numeric_features=None, numeric_imputation=mean, numeric_iterative_imputer=lightgbm, date_features=None, ignore_features=None, normalize=False, normalize_method=zscore, transformation=False, transformation_method=yeo-johnson, handle_unknown_categorical=True, unknown_categorical_method=least_frequent, pca=False, pca_method=linear, pca_components=None, ignore_low_variance=False, combine_rare_levels=False, rare_level_threshold=0.1, bin_numeric_features=None, remove_outliers=False, outliers_threshold=0.05, remove_multicollinearity=False, multicollinearity_threshold=0.9, remove_perfect_collinearity=True, create_clusters=False, cluster_iter=20, polynomial_features=False, polynomial_degree=2, trigonometry_features=False, polynomial_threshold=0.1, group_features=None, group_names=None, feature_selection=False, feature_selection_threshold=0.8, feature_selection_method=classic, feature_interaction=False, feature_ratio=False, interaction_threshold=0.01, fix_imbalance=False, fix_imbalance_method=None, transform_target=False, transform_target_method=box-cox, data_split_shuffle=True, data_split_stratify=False, fold_strategy=stratifiedkfold, fold=10, fold_shuffle=False, fold_groups=None, n_jobs=-1, use_gpu=False, custom_pipeline=None, html=True, session_id=123, log_experiment=False, experiment_name=None, log_plots=False, log_profile=False, log_data=False, silent=False, verbose=True, profile=False, profile_kwargs=None, display=None)
2021-11-23 20:35:27,659:INFO:Checking environment
2021-11-23 20:35:27,659:INFO:python_version: 3.8.10
2021-11-23 20:35:27,659:INFO:python_build: ('tags/v3.8.10:3d8993a', 'May  3 2021 11:48:03')
2021-11-23 20:35:27,659:INFO:machine: AMD64
2021-11-23 20:35:27,664:INFO:platform: Windows-10-10.0.22000-SP0
2021-11-23 20:35:27,664:WARNING:cannot find psutil installation. memory not traceable. Install psutil using pip to enable memory logging.
2021-11-23 20:35:27,664:INFO:Checking libraries
2021-11-23 20:35:27,664:INFO:pd==1.3.4
2021-11-23 20:35:27,664:INFO:numpy==1.19.5
2021-11-23 20:35:27,664:INFO:sklearn==0.23.2
2021-11-23 20:35:27,664:INFO:lightgbm==3.3.1
2021-11-23 20:35:27,664:WARNING:catboost not found
2021-11-23 20:35:27,673:WARNING:xgboost not found
2021-11-23 20:35:28,063:INFO:mlflow==1.21.0
2021-11-23 20:35:28,063:INFO:Checking Exceptions
2021-11-23 20:35:28,063:INFO:Declaring global variables
2021-11-23 20:35:28,063:INFO:USI: 043a
2021-11-23 20:35:28,063:INFO:pycaret_globals: {'_gpu_n_jobs_param', 'create_model_container', 'experiment__', 'display_container', '_all_metrics', 'gpu_param', 'y_test', 'transform_target_param', 'imputation_regressor', '_ml_usecase', 'prep_pipe', 'fold_param', 'fold_generator', 'data_before_preprocess', 'y', 'X', 'fix_imbalance_method_param', 'fold_groups_param_full', 'exp_name_log', '_internal_pipeline', '_all_models_internal', 'html_param', 'y_train', 'X_train', 'fold_groups_param', 'seed', 'iterative_imputation_iters_param', 'USI', 'imputation_classifier', '_available_plots', 'target_param', 'fix_imbalance_param', 'log_plots_param', 'master_model_container', 'pycaret_globals', '_all_models', 'logging_param', 'transform_target_method_param', 'fold_shuffle_param', 'stratify_param', 'n_jobs_param', 'X_test'}
2021-11-23 20:35:28,063:INFO:Preparing display monitor
2021-11-23 20:35:28,063:INFO:Preparing display monitor
2021-11-23 20:35:28,077:INFO:Importing libraries
2021-11-23 20:35:28,077:INFO:Copying data for preprocessing
2021-11-23 20:35:28,083:INFO:Declaring preprocessing parameters
2021-11-23 20:35:28,083:INFO:Creating preprocessing pipeline
2021-11-23 20:35:28,103:INFO:Preprocessing pipeline created successfully
2021-11-23 20:35:28,103:ERROR:(Process Exit): setup has been interupted with user command 'quit'. setup must rerun.
2021-11-23 20:35:28,103:INFO:Creating global containers
2021-11-23 20:35:28,109:INFO:Internal pipeline: Pipeline(memory=None, steps=[('empty_step', 'passthrough')], verbose=False)
2021-11-23 20:35:29,693:WARNING:Couldn't import xgboost.XGBClassifier
2021-11-23 20:35:29,693:WARNING:Couldn't import catboost.CatBoostClassifier
2021-11-23 20:35:29,783:WARNING:Couldn't import xgboost.XGBClassifier
2021-11-23 20:35:29,783:WARNING:Couldn't import catboost.CatBoostClassifier
2021-11-23 20:35:29,783:INFO:Creating grid variables
2021-11-23 20:35:29,783:INFO:create_model_container: 0
2021-11-23 20:35:29,783:INFO:master_model_container: 0
2021-11-23 20:35:29,783:INFO:display_container: 1
2021-11-23 20:35:29,793:INFO:Pipeline(memory=None,
         steps=[('dtypes',
                 DataTypes_Auto_infer(categorical_features=[],
                                      display_types=True, features_todrop=[],
                                      id_columns=[],
                                      ml_usecase='classification',
                                      numerical_features=[], target='label',
                                      time_features=[])),
                ('imputer',
                 Simple_Imputer(categorical_strategy='not_available',
                                fill_value_categorical=None,
                                fill_value_numerical=None,
                                numeric_strate...
                ('scaling', 'passthrough'), ('P_transform', 'passthrough'),
                ('binn', 'passthrough'), ('rem_outliers', 'passthrough'),
                ('cluster_all', 'passthrough'),
                ('dummy', Dummify(target='label')),
                ('fix_perfect', Remove_100(target='label')),
                ('clean_names', Clean_Colum_Names()),
                ('feature_select', 'passthrough'), ('fix_multi', 'passthrough'),
                ('dfs', 'passthrough'), ('pca', 'passthrough')],
         verbose=False)
2021-11-23 20:35:29,793:INFO:setup() succesfully completed......................................
2021-11-23 20:35:29,863:INFO:Initializing compare_models()
2021-11-23 20:35:29,863:INFO:compare_models(include=None, fold=None, round=4, cross_validation=True, sort=Accuracy, n_select=1, budget_time=None, turbo=True, errors=ignore, fit_kwargs=None, groups=None, probability_threshold=None, verbose=True, display=None, exclude=None)
2021-11-23 20:35:29,863:INFO:Checking exceptions
2021-11-23 20:35:29,863:INFO:Preparing display monitor
2021-11-23 20:35:29,863:INFO:Preparing display monitor
2021-11-23 20:35:29,873:INFO:Initializing Logistic Regression
2021-11-23 20:35:29,873:INFO:Total runtime is 0.0 minutes
2021-11-23 20:35:29,873:INFO:SubProcess create_model() called ==================================
2021-11-23 20:35:29,873:INFO:Initializing create_model()
2021-11-23 20:35:29,873:INFO:create_model(estimator=lr, fold=StratifiedKFold(n_splits=10, random_state=None, shuffle=False), round=4, cross_validation=True, predict=True, fit_kwargs={}, groups=None, refit=False, verbose=False, system=False, metrics=None, add_to_model_list=True, probability_threshold=None, display=<pycaret.internal.Display.Display object at 0x0000025930D27850>, kwargs={})
2021-11-23 20:35:29,873:INFO:Checking exceptions
2021-11-23 20:35:29,873:INFO:Importing libraries
2021-11-23 20:35:29,873:INFO:Copying training dataset
2021-11-23 20:35:29,873:INFO:Defining folds
2021-11-23 20:35:29,873:INFO:Declaring metric variables
2021-11-23 20:35:29,878:INFO:Importing untrained model
2021-11-23 20:35:29,878:INFO:Logistic Regression Imported succesfully
2021-11-23 20:35:29,883:INFO:Starting cross validation
2021-11-23 20:35:29,887:INFO:Cross validating with StratifiedKFold(n_splits=10, random_state=None, shuffle=False), n_jobs=-1
2021-11-23 20:35:34,203:INFO:Calculating mean and std
2021-11-23 20:35:34,203:INFO:Creating metrics dataframe
2021-11-23 20:35:34,203:INFO:Uploading results into container
2021-11-23 20:35:34,203:INFO:Uploading model into container now
2021-11-23 20:35:34,203:INFO:create_model_container: 1
2021-11-23 20:35:34,203:INFO:master_model_container: 1
2021-11-23 20:35:34,208:INFO:display_container: 2
2021-11-23 20:35:34,208:INFO:LogisticRegression(C=1.0, class_weight=None, dual=False, fit_intercept=True,
                   intercept_scaling=1, l1_ratio=None, max_iter=1000,
                   multi_class='auto', n_jobs=None, penalty='l2',
                   random_state=123, solver='lbfgs', tol=0.0001, verbose=0,
                   warm_start=False)
2021-11-23 20:35:34,208:INFO:create_model() succesfully completed......................................
2021-11-23 20:35:34,283:INFO:SubProcess create_model() end ==================================
2021-11-23 20:35:34,283:INFO:Creating metrics dataframe
2021-11-23 20:35:34,293:INFO:Initializing K Neighbors Classifier
2021-11-23 20:35:34,293:INFO:Total runtime is 0.07366110483805338 minutes
2021-11-23 20:35:34,293:INFO:SubProcess create_model() called ==================================
2021-11-23 20:35:34,293:INFO:Initializing create_model()
2021-11-23 20:35:34,293:INFO:create_model(estimator=knn, fold=StratifiedKFold(n_splits=10, random_state=None, shuffle=False), round=4, cross_validation=True, predict=True, fit_kwargs={}, groups=None, refit=False, verbose=False, system=False, metrics=None, add_to_model_list=True, probability_threshold=None, display=<pycaret.internal.Display.Display object at 0x0000025930D27850>, kwargs={})
2021-11-23 20:35:34,293:INFO:Checking exceptions
2021-11-23 20:35:34,293:INFO:Importing libraries
2021-11-23 20:35:34,293:INFO:Copying training dataset
2021-11-23 20:35:34,293:INFO:Defining folds
2021-11-23 20:35:34,293:INFO:Declaring metric variables
2021-11-23 20:35:34,293:INFO:Importing untrained model
2021-11-23 20:35:34,303:INFO:K Neighbors Classifier Imported succesfully
2021-11-23 20:35:34,303:INFO:Starting cross validation
2021-11-23 20:35:34,303:INFO:Cross validating with StratifiedKFold(n_splits=10, random_state=None, shuffle=False), n_jobs=-1
2021-11-23 20:35:37,173:INFO:Calculating mean and std
2021-11-23 20:35:37,173:INFO:Creating metrics dataframe
2021-11-23 20:35:37,178:INFO:Uploading results into container
2021-11-23 20:35:37,178:INFO:Uploading model into container now
2021-11-23 20:35:37,178:INFO:create_model_container: 2
2021-11-23 20:35:37,178:INFO:master_model_container: 2
2021-11-23 20:35:37,178:INFO:display_container: 2
2021-11-23 20:35:37,178:INFO:KNeighborsClassifier(algorithm='auto', leaf_size=30, metric='minkowski',
                     metric_params=None, n_jobs=-1, n_neighbors=5, p=2,
                     weights='uniform')
2021-11-23 20:35:37,178:INFO:create_model() succesfully completed......................................
2021-11-23 20:35:37,268:INFO:SubProcess create_model() end ==================================
2021-11-23 20:35:37,268:INFO:Creating metrics dataframe
2021-11-23 20:35:37,273:INFO:Initializing Naive Bayes
2021-11-23 20:35:37,273:INFO:Total runtime is 0.12332922617594401 minutes
2021-11-23 20:35:37,273:INFO:SubProcess create_model() called ==================================
2021-11-23 20:35:37,273:INFO:Initializing create_model()
2021-11-23 20:35:37,273:INFO:create_model(estimator=nb, fold=StratifiedKFold(n_splits=10, random_state=None, shuffle=False), round=4, cross_validation=True, predict=True, fit_kwargs={}, groups=None, refit=False, verbose=False, system=False, metrics=None, add_to_model_list=True, probability_threshold=None, display=<pycaret.internal.Display.Display object at 0x0000025930D27850>, kwargs={})
2021-11-23 20:35:37,273:INFO:Checking exceptions
2021-11-23 20:35:37,273:INFO:Importing libraries
2021-11-23 20:35:37,273:INFO:Copying training dataset
2021-11-23 20:35:37,273:INFO:Defining folds
2021-11-23 20:35:37,273:INFO:Declaring metric variables
2021-11-23 20:35:37,273:INFO:Importing untrained model
2021-11-23 20:35:37,273:INFO:Naive Bayes Imported succesfully
2021-11-23 20:35:37,283:INFO:Starting cross validation
2021-11-23 20:35:37,283:INFO:Cross validating with StratifiedKFold(n_splits=10, random_state=None, shuffle=False), n_jobs=-1
2021-11-23 20:35:37,335:INFO:Calculating mean and std
2021-11-23 20:35:37,338:INFO:Creating metrics dataframe
2021-11-23 20:35:37,338:INFO:Uploading results into container
2021-11-23 20:35:37,338:INFO:Uploading model into container now
2021-11-23 20:35:37,338:INFO:create_model_container: 3
2021-11-23 20:35:37,338:INFO:master_model_container: 3
2021-11-23 20:35:37,338:INFO:display_container: 2
2021-11-23 20:35:37,338:INFO:GaussianNB(priors=None, var_smoothing=1e-09)
2021-11-23 20:35:37,338:INFO:create_model() succesfully completed......................................
2021-11-23 20:35:37,468:INFO:SubProcess create_model() end ==================================
2021-11-23 20:35:37,468:INFO:Creating metrics dataframe
2021-11-23 20:35:37,478:INFO:Initializing Decision Tree Classifier
2021-11-23 20:35:37,478:INFO:Total runtime is 0.1267431855201721 minutes
2021-11-23 20:35:37,478:INFO:SubProcess create_model() called ==================================
2021-11-23 20:35:37,478:INFO:Initializing create_model()
2021-11-23 20:35:37,478:INFO:create_model(estimator=dt, fold=StratifiedKFold(n_splits=10, random_state=None, shuffle=False), round=4, cross_validation=True, predict=True, fit_kwargs={}, groups=None, refit=False, verbose=False, system=False, metrics=None, add_to_model_list=True, probability_threshold=None, display=<pycaret.internal.Display.Display object at 0x0000025930D27850>, kwargs={})
2021-11-23 20:35:37,478:INFO:Checking exceptions
2021-11-23 20:35:37,478:INFO:Importing libraries
2021-11-23 20:35:37,478:INFO:Copying training dataset
2021-11-23 20:35:37,478:INFO:Defining folds
2021-11-23 20:35:37,478:INFO:Declaring metric variables
2021-11-23 20:35:37,483:INFO:Importing untrained model
2021-11-23 20:35:37,483:INFO:Decision Tree Classifier Imported succesfully
2021-11-23 20:35:37,483:INFO:Starting cross validation
2021-11-23 20:35:37,483:INFO:Cross validating with StratifiedKFold(n_splits=10, random_state=None, shuffle=False), n_jobs=-1
2021-11-23 20:35:37,518:INFO:Calculating mean and std
2021-11-23 20:35:37,523:INFO:Creating metrics dataframe
2021-11-23 20:35:37,525:INFO:Uploading results into container
2021-11-23 20:35:37,525:INFO:Uploading model into container now
2021-11-23 20:35:37,525:INFO:create_model_container: 4
2021-11-23 20:35:37,525:INFO:master_model_container: 4
2021-11-23 20:35:37,525:INFO:display_container: 2
2021-11-23 20:35:37,525:INFO:DecisionTreeClassifier(ccp_alpha=0.0, class_weight=None, criterion='gini',
                       max_depth=None, max_features=None, max_leaf_nodes=None,
                       min_impurity_decrease=0.0, min_impurity_split=None,
                       min_samples_leaf=1, min_samples_split=2,
                       min_weight_fraction_leaf=0.0, presort='deprecated',
                       random_state=123, splitter='best')
2021-11-23 20:35:37,525:INFO:create_model() succesfully completed......................................
2021-11-23 20:35:37,593:INFO:SubProcess create_model() end ==================================
2021-11-23 20:35:37,593:INFO:Creating metrics dataframe
2021-11-23 20:35:37,593:INFO:Initializing SVM - Linear Kernel
2021-11-23 20:35:37,593:INFO:Total runtime is 0.12866554657618204 minutes
2021-11-23 20:35:37,603:INFO:SubProcess create_model() called ==================================
2021-11-23 20:35:37,603:INFO:Initializing create_model()
2021-11-23 20:35:37,603:INFO:create_model(estimator=svm, fold=StratifiedKFold(n_splits=10, random_state=None, shuffle=False), round=4, cross_validation=True, predict=True, fit_kwargs={}, groups=None, refit=False, verbose=False, system=False, metrics=None, add_to_model_list=True, probability_threshold=None, display=<pycaret.internal.Display.Display object at 0x0000025930D27850>, kwargs={})
2021-11-23 20:35:37,603:INFO:Checking exceptions
2021-11-23 20:35:37,603:INFO:Importing libraries
2021-11-23 20:35:37,603:INFO:Copying training dataset
2021-11-23 20:35:37,603:INFO:Defining folds
2021-11-23 20:35:37,603:INFO:Declaring metric variables
2021-11-23 20:35:37,603:INFO:Importing untrained model
2021-11-23 20:35:37,603:INFO:SVM - Linear Kernel Imported succesfully
2021-11-23 20:35:37,613:INFO:Starting cross validation
2021-11-23 20:35:37,613:INFO:Cross validating with StratifiedKFold(n_splits=10, random_state=None, shuffle=False), n_jobs=-1
2021-11-23 20:35:37,643:INFO:Calculating mean and std
2021-11-23 20:35:37,643:INFO:Creating metrics dataframe
2021-11-23 20:35:37,643:INFO:Uploading results into container
2021-11-23 20:35:37,648:INFO:Uploading model into container now
2021-11-23 20:35:37,648:INFO:create_model_container: 5
2021-11-23 20:35:37,648:INFO:master_model_container: 5
2021-11-23 20:35:37,648:INFO:display_container: 2
2021-11-23 20:35:37,648:INFO:SGDClassifier(alpha=0.0001, average=False, class_weight=None,
              early_stopping=False, epsilon=0.1, eta0=0.001, fit_intercept=True,
              l1_ratio=0.15, learning_rate='optimal', loss='hinge',
              max_iter=1000, n_iter_no_change=5, n_jobs=-1, penalty='l2',
              power_t=0.5, random_state=123, shuffle=True, tol=0.001,
              validation_fraction=0.1, verbose=0, warm_start=False)
2021-11-23 20:35:37,648:INFO:create_model() succesfully completed......................................
2021-11-23 20:35:37,713:INFO:SubProcess create_model() end ==================================
2021-11-23 20:35:37,713:INFO:Creating metrics dataframe
2021-11-23 20:35:37,723:INFO:Initializing Ridge Classifier
2021-11-23 20:35:37,723:INFO:Total runtime is 0.1308300733566284 minutes
2021-11-23 20:35:37,723:INFO:SubProcess create_model() called ==================================
2021-11-23 20:35:37,723:INFO:Initializing create_model()
2021-11-23 20:35:37,723:INFO:create_model(estimator=ridge, fold=StratifiedKFold(n_splits=10, random_state=None, shuffle=False), round=4, cross_validation=True, predict=True, fit_kwargs={}, groups=None, refit=False, verbose=False, system=False, metrics=None, add_to_model_list=True, probability_threshold=None, display=<pycaret.internal.Display.Display object at 0x0000025930D27850>, kwargs={})
2021-11-23 20:35:37,723:INFO:Checking exceptions
2021-11-23 20:35:37,723:INFO:Importing libraries
2021-11-23 20:35:37,723:INFO:Copying training dataset
2021-11-23 20:35:37,723:INFO:Defining folds
2021-11-23 20:35:37,723:INFO:Declaring metric variables
2021-11-23 20:35:37,723:INFO:Importing untrained model
2021-11-23 20:35:37,723:INFO:Ridge Classifier Imported succesfully
2021-11-23 20:35:37,734:INFO:Starting cross validation
2021-11-23 20:35:37,734:INFO:Cross validating with StratifiedKFold(n_splits=10, random_state=None, shuffle=False), n_jobs=-1
2021-11-23 20:35:37,763:INFO:Calculating mean and std
2021-11-23 20:35:37,763:INFO:Creating metrics dataframe
2021-11-23 20:35:37,763:INFO:Uploading results into container
2021-11-23 20:35:37,763:INFO:Uploading model into container now
2021-11-23 20:35:37,763:INFO:create_model_container: 6
2021-11-23 20:35:37,763:INFO:master_model_container: 6
2021-11-23 20:35:37,763:INFO:display_container: 2
2021-11-23 20:35:37,763:INFO:RidgeClassifier(alpha=1.0, class_weight=None, copy_X=True, fit_intercept=True,
                max_iter=None, normalize=False, random_state=123, solver='auto',
                tol=0.001)
2021-11-23 20:35:37,763:INFO:create_model() succesfully completed......................................
2021-11-23 20:35:37,833:INFO:SubProcess create_model() end ==================================
2021-11-23 20:35:37,833:INFO:Creating metrics dataframe
2021-11-23 20:35:37,840:INFO:Initializing Random Forest Classifier
2021-11-23 20:35:37,840:INFO:Total runtime is 0.13278114795684814 minutes
2021-11-23 20:35:37,843:INFO:SubProcess create_model() called ==================================
2021-11-23 20:35:37,843:INFO:Initializing create_model()
2021-11-23 20:35:37,843:INFO:create_model(estimator=rf, fold=StratifiedKFold(n_splits=10, random_state=None, shuffle=False), round=4, cross_validation=True, predict=True, fit_kwargs={}, groups=None, refit=False, verbose=False, system=False, metrics=None, add_to_model_list=True, probability_threshold=None, display=<pycaret.internal.Display.Display object at 0x0000025930D27850>, kwargs={})
2021-11-23 20:35:37,843:INFO:Checking exceptions
2021-11-23 20:35:37,843:INFO:Importing libraries
2021-11-23 20:35:37,843:INFO:Copying training dataset
2021-11-23 20:35:37,843:INFO:Defining folds
2021-11-23 20:35:37,843:INFO:Declaring metric variables
2021-11-23 20:35:37,848:INFO:Importing untrained model
2021-11-23 20:35:37,848:INFO:Random Forest Classifier Imported succesfully
2021-11-23 20:35:37,853:INFO:Starting cross validation
2021-11-23 20:35:37,853:INFO:Cross validating with StratifiedKFold(n_splits=10, random_state=None, shuffle=False), n_jobs=-1
2021-11-23 20:35:38,278:INFO:Calculating mean and std
2021-11-23 20:35:38,278:INFO:Creating metrics dataframe
2021-11-23 20:35:38,283:INFO:Uploading results into container
2021-11-23 20:35:38,283:INFO:Uploading model into container now
2021-11-23 20:35:38,283:INFO:create_model_container: 7
2021-11-23 20:35:38,283:INFO:master_model_container: 7
2021-11-23 20:35:38,283:INFO:display_container: 2
2021-11-23 20:35:38,283:INFO:RandomForestClassifier(bootstrap=True, ccp_alpha=0.0, class_weight=None,
                       criterion='gini', max_depth=None, max_features='auto',
                       max_leaf_nodes=None, max_samples=None,
                       min_impurity_decrease=0.0, min_impurity_split=None,
                       min_samples_leaf=1, min_samples_split=2,
                       min_weight_fraction_leaf=0.0, n_estimators=100,
                       n_jobs=-1, oob_score=False, random_state=123, verbose=0,
                       warm_start=False)
2021-11-23 20:35:38,285:INFO:create_model() succesfully completed......................................
2021-11-23 20:35:38,364:INFO:SubProcess create_model() end ==================================
2021-11-23 20:35:38,364:INFO:Creating metrics dataframe
2021-11-23 20:35:38,368:INFO:Initializing Quadratic Discriminant Analysis
2021-11-23 20:35:38,368:INFO:Total runtime is 0.1415772239367167 minutes
2021-11-23 20:35:38,373:INFO:SubProcess create_model() called ==================================
2021-11-23 20:35:38,373:INFO:Initializing create_model()
2021-11-23 20:35:38,373:INFO:create_model(estimator=qda, fold=StratifiedKFold(n_splits=10, random_state=None, shuffle=False), round=4, cross_validation=True, predict=True, fit_kwargs={}, groups=None, refit=False, verbose=False, system=False, metrics=None, add_to_model_list=True, probability_threshold=None, display=<pycaret.internal.Display.Display object at 0x0000025930D27850>, kwargs={})
2021-11-23 20:35:38,373:INFO:Checking exceptions
2021-11-23 20:35:38,373:INFO:Importing libraries
2021-11-23 20:35:38,373:INFO:Copying training dataset
2021-11-23 20:35:38,373:INFO:Defining folds
2021-11-23 20:35:38,373:INFO:Declaring metric variables
2021-11-23 20:35:38,373:INFO:Importing untrained model
2021-11-23 20:35:38,373:INFO:Quadratic Discriminant Analysis Imported succesfully
2021-11-23 20:35:38,383:INFO:Starting cross validation
2021-11-23 20:35:38,383:INFO:Cross validating with StratifiedKFold(n_splits=10, random_state=None, shuffle=False), n_jobs=-1
2021-11-23 20:35:38,435:INFO:Calculating mean and std
2021-11-23 20:35:38,435:INFO:Creating metrics dataframe
2021-11-23 20:35:38,438:INFO:Uploading results into container
2021-11-23 20:35:38,438:INFO:Uploading model into container now
2021-11-23 20:35:38,438:INFO:create_model_container: 8
2021-11-23 20:35:38,438:INFO:master_model_container: 8
2021-11-23 20:35:38,438:INFO:display_container: 2
2021-11-23 20:35:38,438:INFO:QuadraticDiscriminantAnalysis(priors=None, reg_param=0.0,
                              store_covariance=False, tol=0.0001)
2021-11-23 20:35:38,438:INFO:create_model() succesfully completed......................................
2021-11-23 20:35:38,515:INFO:SubProcess create_model() end ==================================
2021-11-23 20:35:38,515:INFO:Creating metrics dataframe
2021-11-23 20:35:38,523:INFO:Initializing Ada Boost Classifier
2021-11-23 20:35:38,523:INFO:Total runtime is 0.1441614031791687 minutes
2021-11-23 20:35:38,523:INFO:SubProcess create_model() called ==================================
2021-11-23 20:35:38,523:INFO:Initializing create_model()
2021-11-23 20:35:38,523:INFO:create_model(estimator=ada, fold=StratifiedKFold(n_splits=10, random_state=None, shuffle=False), round=4, cross_validation=True, predict=True, fit_kwargs={}, groups=None, refit=False, verbose=False, system=False, metrics=None, add_to_model_list=True, probability_threshold=None, display=<pycaret.internal.Display.Display object at 0x0000025930D27850>, kwargs={})
2021-11-23 20:35:38,523:INFO:Checking exceptions
2021-11-23 20:35:38,523:INFO:Importing libraries
2021-11-23 20:35:38,523:INFO:Copying training dataset
2021-11-23 20:35:38,523:INFO:Defining folds
2021-11-23 20:35:38,523:INFO:Declaring metric variables
2021-11-23 20:35:38,523:INFO:Importing untrained model
2021-11-23 20:35:38,533:INFO:Ada Boost Classifier Imported succesfully
2021-11-23 20:35:38,538:INFO:Starting cross validation
2021-11-23 20:35:38,538:INFO:Cross validating with StratifiedKFold(n_splits=10, random_state=None, shuffle=False), n_jobs=-1
2021-11-23 20:35:38,583:INFO:Calculating mean and std
2021-11-23 20:35:38,583:INFO:Creating metrics dataframe
2021-11-23 20:35:38,596:INFO:Uploading results into container
2021-11-23 20:35:38,596:INFO:Uploading model into container now
2021-11-23 20:35:38,596:INFO:create_model_container: 9
2021-11-23 20:35:38,596:INFO:master_model_container: 9
2021-11-23 20:35:38,596:INFO:display_container: 2
2021-11-23 20:35:38,596:INFO:AdaBoostClassifier(algorithm='SAMME.R', base_estimator=None, learning_rate=1.0,
                   n_estimators=50, random_state=123)
2021-11-23 20:35:38,596:INFO:create_model() succesfully completed......................................
2021-11-23 20:35:38,713:INFO:SubProcess create_model() end ==================================
2021-11-23 20:35:38,713:INFO:Creating metrics dataframe
2021-11-23 20:35:38,713:INFO:Initializing Gradient Boosting Classifier
2021-11-23 20:35:38,713:INFO:Total runtime is 0.1473278840382894 minutes
2021-11-23 20:35:38,723:INFO:SubProcess create_model() called ==================================
2021-11-23 20:35:38,723:INFO:Initializing create_model()
2021-11-23 20:35:38,723:INFO:create_model(estimator=gbc, fold=StratifiedKFold(n_splits=10, random_state=None, shuffle=False), round=4, cross_validation=True, predict=True, fit_kwargs={}, groups=None, refit=False, verbose=False, system=False, metrics=None, add_to_model_list=True, probability_threshold=None, display=<pycaret.internal.Display.Display object at 0x0000025930D27850>, kwargs={})
2021-11-23 20:35:38,723:INFO:Checking exceptions
2021-11-23 20:35:38,723:INFO:Importing libraries
2021-11-23 20:35:38,723:INFO:Copying training dataset
2021-11-23 20:35:38,723:INFO:Defining folds
2021-11-23 20:35:38,723:INFO:Declaring metric variables
2021-11-23 20:35:38,723:INFO:Importing untrained model
2021-11-23 20:35:38,723:INFO:Gradient Boosting Classifier Imported succesfully
2021-11-23 20:35:38,733:INFO:Starting cross validation
2021-11-23 20:35:38,733:INFO:Cross validating with StratifiedKFold(n_splits=10, random_state=None, shuffle=False), n_jobs=-1
2021-11-23 20:35:39,338:INFO:Calculating mean and std
2021-11-23 20:35:39,338:INFO:Creating metrics dataframe
2021-11-23 20:35:39,343:INFO:Uploading results into container
2021-11-23 20:35:39,343:INFO:Uploading model into container now
2021-11-23 20:35:39,343:INFO:create_model_container: 10
2021-11-23 20:35:39,343:INFO:master_model_container: 10
2021-11-23 20:35:39,343:INFO:display_container: 2
2021-11-23 20:35:39,346:INFO:GradientBoostingClassifier(ccp_alpha=0.0, criterion='friedman_mse', init=None,
                           learning_rate=0.1, loss='deviance', max_depth=3,
                           max_features=None, max_leaf_nodes=None,
                           min_impurity_decrease=0.0, min_impurity_split=None,
                           min_samples_leaf=1, min_samples_split=2,
                           min_weight_fraction_leaf=0.0, n_estimators=100,
                           n_iter_no_change=None, presort='deprecated',
                           random_state=123, subsample=1.0, tol=0.0001,
                           validation_fraction=0.1, verbose=0,
                           warm_start=False)
2021-11-23 20:35:39,346:INFO:create_model() succesfully completed......................................
2021-11-23 20:35:39,418:INFO:SubProcess create_model() end ==================================
2021-11-23 20:35:39,418:INFO:Creating metrics dataframe
2021-11-23 20:35:39,426:INFO:Initializing Linear Discriminant Analysis
2021-11-23 20:35:39,426:INFO:Total runtime is 0.15921210845311484 minutes
2021-11-23 20:35:39,426:INFO:SubProcess create_model() called ==================================
2021-11-23 20:35:39,426:INFO:Initializing create_model()
2021-11-23 20:35:39,426:INFO:create_model(estimator=lda, fold=StratifiedKFold(n_splits=10, random_state=None, shuffle=False), round=4, cross_validation=True, predict=True, fit_kwargs={}, groups=None, refit=False, verbose=False, system=False, metrics=None, add_to_model_list=True, probability_threshold=None, display=<pycaret.internal.Display.Display object at 0x0000025930D27850>, kwargs={})
2021-11-23 20:35:39,426:INFO:Checking exceptions
2021-11-23 20:35:39,426:INFO:Importing libraries
2021-11-23 20:35:39,426:INFO:Copying training dataset
2021-11-23 20:35:39,426:INFO:Defining folds
2021-11-23 20:35:39,426:INFO:Declaring metric variables
2021-11-23 20:35:39,426:INFO:Importing untrained model
2021-11-23 20:35:39,433:INFO:Linear Discriminant Analysis Imported succesfully
2021-11-23 20:35:39,438:INFO:Starting cross validation
2021-11-23 20:35:39,438:INFO:Cross validating with StratifiedKFold(n_splits=10, random_state=None, shuffle=False), n_jobs=-1
2021-11-23 20:35:39,483:INFO:Calculating mean and std
2021-11-23 20:35:39,483:INFO:Creating metrics dataframe
2021-11-23 20:35:39,483:INFO:Uploading results into container
2021-11-23 20:35:39,483:INFO:Uploading model into container now
2021-11-23 20:35:39,483:INFO:create_model_container: 11
2021-11-23 20:35:39,483:INFO:master_model_container: 11
2021-11-23 20:35:39,483:INFO:display_container: 2
2021-11-23 20:35:39,483:INFO:LinearDiscriminantAnalysis(n_components=None, priors=None, shrinkage=None,
                           solver='svd', store_covariance=False, tol=0.0001)
2021-11-23 20:35:39,483:INFO:create_model() succesfully completed......................................
2021-11-23 20:35:39,568:INFO:SubProcess create_model() end ==================================
2021-11-23 20:35:39,568:INFO:Creating metrics dataframe
2021-11-23 20:35:39,573:INFO:Initializing Extra Trees Classifier
2021-11-23 20:35:39,573:INFO:Total runtime is 0.16166206200917563 minutes
2021-11-23 20:35:39,573:INFO:SubProcess create_model() called ==================================
2021-11-23 20:35:39,573:INFO:Initializing create_model()
2021-11-23 20:35:39,573:INFO:create_model(estimator=et, fold=StratifiedKFold(n_splits=10, random_state=None, shuffle=False), round=4, cross_validation=True, predict=True, fit_kwargs={}, groups=None, refit=False, verbose=False, system=False, metrics=None, add_to_model_list=True, probability_threshold=None, display=<pycaret.internal.Display.Display object at 0x0000025930D27850>, kwargs={})
2021-11-23 20:35:39,573:INFO:Checking exceptions
2021-11-23 20:35:39,573:INFO:Importing libraries
2021-11-23 20:35:39,573:INFO:Copying training dataset
2021-11-23 20:35:39,573:INFO:Defining folds
2021-11-23 20:35:39,573:INFO:Declaring metric variables
2021-11-23 20:35:39,578:INFO:Importing untrained model
2021-11-23 20:35:39,578:INFO:Extra Trees Classifier Imported succesfully
2021-11-23 20:35:39,583:INFO:Starting cross validation
2021-11-23 20:35:39,583:INFO:Cross validating with StratifiedKFold(n_splits=10, random_state=None, shuffle=False), n_jobs=-1
2021-11-23 20:35:39,943:INFO:Calculating mean and std
2021-11-23 20:35:39,943:INFO:Creating metrics dataframe
2021-11-23 20:35:39,946:INFO:Uploading results into container
2021-11-23 20:35:39,946:INFO:Uploading model into container now
2021-11-23 20:35:39,946:INFO:create_model_container: 12
2021-11-23 20:35:39,946:INFO:master_model_container: 12
2021-11-23 20:35:39,946:INFO:display_container: 2
2021-11-23 20:35:39,946:INFO:ExtraTreesClassifier(bootstrap=False, ccp_alpha=0.0, class_weight=None,
                     criterion='gini', max_depth=None, max_features='auto',
                     max_leaf_nodes=None, max_samples=None,
                     min_impurity_decrease=0.0, min_impurity_split=None,
                     min_samples_leaf=1, min_samples_split=2,
                     min_weight_fraction_leaf=0.0, n_estimators=100, n_jobs=-1,
                     oob_score=False, random_state=123, verbose=0,
                     warm_start=False)
2021-11-23 20:35:39,946:INFO:create_model() succesfully completed......................................
2021-11-23 20:35:40,057:INFO:SubProcess create_model() end ==================================
2021-11-23 20:35:40,057:INFO:Creating metrics dataframe
2021-11-23 20:35:40,063:INFO:Initializing Light Gradient Boosting Machine
2021-11-23 20:35:40,063:INFO:Total runtime is 0.16982640425364176 minutes
2021-11-23 20:35:40,068:INFO:SubProcess create_model() called ==================================
2021-11-23 20:35:40,068:INFO:Initializing create_model()
2021-11-23 20:35:40,068:INFO:create_model(estimator=lightgbm, fold=StratifiedKFold(n_splits=10, random_state=None, shuffle=False), round=4, cross_validation=True, predict=True, fit_kwargs={}, groups=None, refit=False, verbose=False, system=False, metrics=None, add_to_model_list=True, probability_threshold=None, display=<pycaret.internal.Display.Display object at 0x0000025930D27850>, kwargs={})
2021-11-23 20:35:40,068:INFO:Checking exceptions
2021-11-23 20:35:40,068:INFO:Importing libraries
2021-11-23 20:35:40,068:INFO:Copying training dataset
2021-11-23 20:35:40,068:INFO:Defining folds
2021-11-23 20:35:40,068:INFO:Declaring metric variables
2021-11-23 20:35:40,068:INFO:Importing untrained model
2021-11-23 20:35:40,073:INFO:Light Gradient Boosting Machine Imported succesfully
2021-11-23 20:35:40,073:INFO:Starting cross validation
2021-11-23 20:35:40,073:INFO:Cross validating with StratifiedKFold(n_splits=10, random_state=None, shuffle=False), n_jobs=-1
2021-11-23 20:35:40,603:INFO:Calculating mean and std
2021-11-23 20:35:40,603:INFO:Creating metrics dataframe
2021-11-23 20:35:40,603:INFO:Uploading results into container
2021-11-23 20:35:40,603:INFO:Uploading model into container now
2021-11-23 20:35:40,603:INFO:create_model_container: 13
2021-11-23 20:35:40,603:INFO:master_model_container: 13
2021-11-23 20:35:40,603:INFO:display_container: 2
2021-11-23 20:35:40,603:INFO:LGBMClassifier(boosting_type='gbdt', class_weight=None, colsample_bytree=1.0,
               importance_type='split', learning_rate=0.1, max_depth=-1,
               min_child_samples=20, min_child_weight=0.001, min_split_gain=0.0,
               n_estimators=100, n_jobs=-1, num_leaves=31, objective=None,
               random_state=123, reg_alpha=0.0, reg_lambda=0.0, silent='warn',
               subsample=1.0, subsample_for_bin=200000, subsample_freq=0)
2021-11-23 20:35:40,603:INFO:create_model() succesfully completed......................................
2021-11-23 20:35:40,715:INFO:SubProcess create_model() end ==================================
2021-11-23 20:35:40,715:INFO:Creating metrics dataframe
2021-11-23 20:35:40,715:INFO:Initializing Dummy Classifier
2021-11-23 20:35:40,715:INFO:Total runtime is 0.18069916168848674 minutes
2021-11-23 20:35:40,723:INFO:SubProcess create_model() called ==================================
2021-11-23 20:35:40,723:INFO:Initializing create_model()
2021-11-23 20:35:40,723:INFO:create_model(estimator=dummy, fold=StratifiedKFold(n_splits=10, random_state=None, shuffle=False), round=4, cross_validation=True, predict=True, fit_kwargs={}, groups=None, refit=False, verbose=False, system=False, metrics=None, add_to_model_list=True, probability_threshold=None, display=<pycaret.internal.Display.Display object at 0x0000025930D27850>, kwargs={})
2021-11-23 20:35:40,723:INFO:Checking exceptions
2021-11-23 20:35:40,723:INFO:Importing libraries
2021-11-23 20:35:40,723:INFO:Copying training dataset
2021-11-23 20:35:40,723:INFO:Defining folds
2021-11-23 20:35:40,723:INFO:Declaring metric variables
2021-11-23 20:35:40,723:INFO:Importing untrained model
2021-11-23 20:35:40,723:INFO:Dummy Classifier Imported succesfully
2021-11-23 20:35:40,733:INFO:Starting cross validation
2021-11-23 20:35:40,733:INFO:Cross validating with StratifiedKFold(n_splits=10, random_state=None, shuffle=False), n_jobs=-1
2021-11-23 20:35:40,753:INFO:Calculating mean and std
2021-11-23 20:35:40,753:INFO:Creating metrics dataframe
2021-11-23 20:35:40,753:INFO:Uploading results into container
2021-11-23 20:35:40,753:INFO:Uploading model into container now
2021-11-23 20:35:40,763:INFO:create_model_container: 14
2021-11-23 20:35:40,763:INFO:master_model_container: 14
2021-11-23 20:35:40,763:INFO:display_container: 2
2021-11-23 20:35:40,763:INFO:DummyClassifier(constant=None, random_state=123, strategy='prior')
2021-11-23 20:35:40,763:INFO:create_model() succesfully completed......................................
2021-11-23 20:35:40,823:INFO:SubProcess create_model() end ==================================
2021-11-23 20:35:40,823:INFO:Creating metrics dataframe
2021-11-23 20:35:40,843:INFO:Initializing create_model()
2021-11-23 20:35:40,843:INFO:create_model(estimator=LogisticRegression(C=1.0, class_weight=None, dual=False, fit_intercept=True,
                   intercept_scaling=1, l1_ratio=None, max_iter=1000,
                   multi_class='auto', n_jobs=None, penalty='l2',
                   random_state=123, solver='lbfgs', tol=0.0001, verbose=0,
                   warm_start=False), fold=StratifiedKFold(n_splits=10, random_state=None, shuffle=False), round=4, cross_validation=False, predict=False, fit_kwargs={}, groups=None, refit=True, verbose=False, system=False, metrics=None, add_to_model_list=True, probability_threshold=None, display=None, kwargs={})
2021-11-23 20:35:40,843:INFO:Checking exceptions
2021-11-23 20:35:40,843:INFO:Importing libraries
2021-11-23 20:35:40,843:INFO:Copying training dataset
2021-11-23 20:35:40,843:INFO:Defining folds
2021-11-23 20:35:40,843:INFO:Declaring metric variables
2021-11-23 20:35:40,843:INFO:Importing untrained model
2021-11-23 20:35:40,843:INFO:Declaring custom model
2021-11-23 20:35:40,843:INFO:Logistic Regression Imported succesfully
2021-11-23 20:35:40,843:INFO:Cross validation set to False
2021-11-23 20:35:40,843:INFO:Fitting Model
2021-11-23 20:35:40,868:INFO:LogisticRegression(C=1.0, class_weight=None, dual=False, fit_intercept=True,
                   intercept_scaling=1, l1_ratio=None, max_iter=1000,
                   multi_class='auto', n_jobs=None, penalty='l2',
                   random_state=123, solver='lbfgs', tol=0.0001, verbose=0,
                   warm_start=False)
2021-11-23 20:35:40,868:INFO:create_models() succesfully completed......................................
2021-11-23 20:35:40,953:INFO:create_model_container: 14
2021-11-23 20:35:40,953:INFO:master_model_container: 14
2021-11-23 20:35:40,953:INFO:display_container: 2
2021-11-23 20:35:40,953:INFO:LogisticRegression(C=1.0, class_weight=None, dual=False, fit_intercept=True,
                   intercept_scaling=1, l1_ratio=None, max_iter=1000,
                   multi_class='auto', n_jobs=None, penalty='l2',
                   random_state=123, solver='lbfgs', tol=0.0001, verbose=0,
                   warm_start=False)
2021-11-23 20:35:40,953:INFO:compare_models() succesfully completed......................................
